<?xml version="1.0" encoding="UTF-8"?>
<testng-results skipped="0" failed="0" ignored="0" total="1" passed="1">
  <reporter-output>
  </reporter-output>
  <suite name="Default suite" duration-ms="13387" started-at="2018-04-22T14:54:53Z" finished-at="2018-04-22T14:55:06Z">
    <groups>
    </groups>
    <test name="Default test" duration-ms="13387" started-at="2018-04-22T14:54:53Z" finished-at="2018-04-22T14:55:06Z">
      <class name="Package1.CodeExecution">
        <test-method status="PASS" signature="drivers()[pri:0, instance:Package1.CodeExecution@4678c730]" name="drivers" is-config="true" duration-ms="13195" started-at="2018-04-22T14:54:53Z" finished-at="2018-04-22T14:55:06Z">
          <reporter-output>
          </reporter-output>
        </test-method> <!-- drivers -->
        <test-method status="PASS" signature="helloWOrld()[pri:0, instance:Package1.CodeExecution@4678c730]" name="helloWOrld" duration-ms="164" started-at="2018-04-22T14:55:06Z" finished-at="2018-04-22T14:55:06Z">
          <reporter-output>
          </reporter-output>
        </test-method> <!-- helloWOrld -->
      </class> <!-- Package1.CodeExecution -->
    </test> <!-- Default test -->
  </suite> <!-- Default suite -->
</testng-results>
